2025-09-10 16:04:15,984 - core.dicom_client - INFO - Starting series retrieval
2025-09-10 16:04:16,009 - pynetdicom.association - INFO - Requesting Association
2025-09-10 16:04:16,127 - pynetdicom.acse - INFO - Association Accepted
2025-09-10 16:04:16,132 - pynetdicom.association - INFO - Sending Get Request: MsgID 1
2025-09-10 16:04:16,134 - pynetdicom.association - INFO - 
2025-09-10 16:04:16,137 - pynetdicom.association - INFO - # Request Identifier
2025-09-10 16:04:16,142 - pynetdicom.association - INFO - (0008,0052) CS [SERIES]                                 # 1 QueryRetrieveLevel
2025-09-10 16:04:16,145 - pynetdicom.association - INFO - (0020,000E) UI [1.3.12.2.1107.5.2.43.67042.2025090215443836422043221.0.0.0] # 1 SeriesInstanceUID
2025-09-10 16:04:16,156 - pynetdicom.association - INFO - 
2025-09-10 16:04:17,035 - pynetdicom._handlers - INFO - Received Store Request
2025-09-10 16:04:17,040 - core.dicom_client - INFO - Received DICOM image
2025-09-10 16:04:17,045 - pydicom - WARNING - 'write_like_original' is deprecated and will be removed in v4.0, please use 'enforce_file_format' instead
2025-09-10 16:04:17,131 - core.dicom_client - INFO - File received: 1.3.12.2.1107.5.2.43.67042.2025090215444463278343226.dcm
2025-09-10 16:04:17,141 - pynetdicom.association - INFO - Get SCP Response: 1 - 0xFF00 (Pending)
2025-09-10 16:04:17,149 - pynetdicom.association - INFO - Sub-Operations Remaining: 4, Completed: 1, Failed: 0, Warning: 0
2025-09-10 16:04:17,201 - pynetdicom._handlers - INFO - Received Store Request
2025-09-10 16:04:17,205 - core.dicom_client - INFO - Received DICOM image
2025-09-10 16:04:17,209 - pydicom - WARNING - 'write_like_original' is deprecated and will be removed in v4.0, please use 'enforce_file_format' instead
2025-09-10 16:04:17,247 - core.dicom_client - INFO - File received: 1.3.12.2.1107.5.2.43.67042.2025090215444598404643230.dcm
2025-09-10 16:04:17,257 - pynetdicom.association - INFO - Get SCP Response: 2 - 0xFF00 (Pending)
2025-09-10 16:04:17,259 - pynetdicom.association - INFO - Sub-Operations Remaining: 3, Completed: 2, Failed: 0, Warning: 0
2025-09-10 16:04:17,310 - pynetdicom._handlers - INFO - Received Store Request
2025-09-10 16:04:17,315 - core.dicom_client - INFO - Received DICOM image
2025-09-10 16:04:17,319 - pydicom - WARNING - 'write_like_original' is deprecated and will be removed in v4.0, please use 'enforce_file_format' instead
2025-09-10 16:04:17,353 - core.dicom_client - INFO - File received: 1.3.12.2.1107.5.2.43.67042.2025090215444798338143234.dcm
2025-09-10 16:04:17,363 - pynetdicom.association - INFO - Get SCP Response: 3 - 0xFF00 (Pending)
2025-09-10 16:04:17,366 - pynetdicom.association - INFO - Sub-Operations Remaining: 2, Completed: 3, Failed: 0, Warning: 0
2025-09-10 16:04:17,411 - pynetdicom._handlers - INFO - Received Store Request
2025-09-10 16:04:17,416 - core.dicom_client - INFO - Received DICOM image
2025-09-10 16:04:17,421 - pydicom - WARNING - 'write_like_original' is deprecated and will be removed in v4.0, please use 'enforce_file_format' instead
2025-09-10 16:04:17,460 - core.dicom_client - INFO - File received: 1.3.12.2.1107.5.2.43.67042.2025090215444998109643238.dcm
2025-09-10 16:04:17,470 - pynetdicom.association - INFO - Get SCP Response: 4 - 0xFF00 (Pending)
2025-09-10 16:04:17,473 - pynetdicom.association - INFO - Sub-Operations Remaining: 1, Completed: 4, Failed: 0, Warning: 0
2025-09-10 16:04:17,524 - pynetdicom._handlers - INFO - Received Store Request
2025-09-10 16:04:17,528 - core.dicom_client - INFO - Received DICOM image
2025-09-10 16:04:17,533 - pydicom - WARNING - 'write_like_original' is deprecated and will be removed in v4.0, please use 'enforce_file_format' instead
2025-09-10 16:04:17,569 - core.dicom_client - INFO - File received: 1.3.12.2.1107.5.2.43.67042.2025090215445198382443242.dcm
2025-09-10 16:04:17,577 - pynetdicom.association - INFO - Get SCP Response: 5 - 0xFF00 (Pending)
2025-09-10 16:04:17,580 - pynetdicom.association - INFO - Sub-Operations Remaining: 0, Completed: 5, Failed: 0, Warning: 0
2025-09-10 16:04:17,584 - pynetdicom.association - INFO - Get SCP Result: 0x0000 (Success)
2025-09-10 16:04:17,587 - pynetdicom.association - INFO - Sub-Operations Remaining: 0, Completed: 5, Failed: 0, Warning: 0
2025-09-10 16:04:17,590 - pynetdicom.association - INFO - Releasing Association
2025-09-10 16:04:17,608 - core.dicom_client - INFO - Retrieval completed: 5 file(s)
2025-09-10 16:06:12,338 - utils.network_utils - ERROR - Connection test failed: type object 'TelemisClient' has no attribute 'ae'
2025-09-10 16:06:12,338 - core.dicom_client - INFO - Starting series retrieval
2025-09-10 16:06:12,355 - pynetdicom.association - INFO - Requesting Association
2025-09-10 16:06:12,483 - pynetdicom.acse - INFO - Association Accepted
2025-09-10 16:06:12,488 - pynetdicom.association - INFO - Sending Get Request: MsgID 1
2025-09-10 16:06:12,492 - pynetdicom.association - INFO - 
2025-09-10 16:06:12,495 - pynetdicom.association - INFO - # Request Identifier
2025-09-10 16:06:12,498 - pynetdicom.association - INFO - (0008,0052) CS [SERIES]                                 # 1 QueryRetrieveLevel
2025-09-10 16:06:12,501 - pynetdicom.association - INFO - (0020,000E) UI [1.3.12.2.1107.5.2.43.67042.2025090215443836422043221.0.0.0] # 1 SeriesInstanceUID
2025-09-10 16:06:12,504 - pynetdicom.association - INFO - 
2025-09-10 16:06:12,840 - pynetdicom._handlers - INFO - Received Store Request
2025-09-10 16:06:12,845 - core.dicom_client - INFO - Received DICOM image
2025-09-10 16:06:12,848 - pydicom - WARNING - 'write_like_original' is deprecated and will be removed in v4.0, please use 'enforce_file_format' instead
2025-09-10 16:06:12,929 - core.dicom_client - INFO - File received: 1.3.12.2.1107.5.2.43.67042.2025090215444463278343226.dcm
2025-09-10 16:06:12,938 - pynetdicom.association - INFO - Get SCP Response: 1 - 0xFF00 (Pending)
2025-09-10 16:06:12,941 - pynetdicom.association - INFO - Sub-Operations Remaining: 4, Completed: 1, Failed: 0, Warning: 0
2025-09-10 16:06:12,996 - pynetdicom._handlers - INFO - Received Store Request
2025-09-10 16:06:13,000 - core.dicom_client - INFO - Received DICOM image
2025-09-10 16:06:13,004 - pydicom - WARNING - 'write_like_original' is deprecated and will be removed in v4.0, please use 'enforce_file_format' instead
2025-09-10 16:06:13,052 - core.dicom_client - INFO - File received: 1.3.12.2.1107.5.2.43.67042.2025090215444598404643230.dcm
2025-09-10 16:06:13,060 - pynetdicom.association - INFO - Get SCP Response: 2 - 0xFF00 (Pending)
2025-09-10 16:06:13,063 - pynetdicom.association - INFO - Sub-Operations Remaining: 3, Completed: 2, Failed: 0, Warning: 0
2025-09-10 16:06:13,129 - pynetdicom._handlers - INFO - Received Store Request
2025-09-10 16:06:13,135 - core.dicom_client - INFO - Received DICOM image
2025-09-10 16:06:13,138 - pydicom - WARNING - 'write_like_original' is deprecated and will be removed in v4.0, please use 'enforce_file_format' instead
2025-09-10 16:06:13,176 - core.dicom_client - INFO - File received: 1.3.12.2.1107.5.2.43.67042.2025090215444798338143234.dcm
2025-09-10 16:06:13,184 - pynetdicom.association - INFO - Get SCP Response: 3 - 0xFF00 (Pending)
2025-09-10 16:06:13,187 - pynetdicom.association - INFO - Sub-Operations Remaining: 2, Completed: 3, Failed: 0, Warning: 0
2025-09-10 16:06:13,228 - pynetdicom._handlers - INFO - Received Store Request
2025-09-10 16:06:13,232 - core.dicom_client - INFO - Received DICOM image
2025-09-10 16:06:13,238 - pydicom - WARNING - 'write_like_original' is deprecated and will be removed in v4.0, please use 'enforce_file_format' instead
2025-09-10 16:06:13,274 - core.dicom_client - INFO - File received: 1.3.12.2.1107.5.2.43.67042.2025090215444998109643238.dcm
2025-09-10 16:06:13,285 - pynetdicom.association - INFO - Get SCP Response: 4 - 0xFF00 (Pending)
2025-09-10 16:06:13,287 - pynetdicom.association - INFO - Sub-Operations Remaining: 1, Completed: 4, Failed: 0, Warning: 0
2025-09-10 16:06:13,344 - pynetdicom._handlers - INFO - Received Store Request
2025-09-10 16:06:13,348 - core.dicom_client - INFO - Received DICOM image
2025-09-10 16:06:13,351 - pydicom - WARNING - 'write_like_original' is deprecated and will be removed in v4.0, please use 'enforce_file_format' instead
2025-09-10 16:06:13,387 - core.dicom_client - INFO - File received: 1.3.12.2.1107.5.2.43.67042.2025090215445198382443242.dcm
2025-09-10 16:06:13,395 - pynetdicom.association - INFO - Get SCP Response: 5 - 0xFF00 (Pending)
2025-09-10 16:06:13,397 - pynetdicom.association - INFO - Sub-Operations Remaining: 0, Completed: 5, Failed: 0, Warning: 0
2025-09-10 16:06:13,400 - pynetdicom.association - INFO - Get SCP Result: 0x0000 (Success)
2025-09-10 16:06:13,403 - pynetdicom.association - INFO - Sub-Operations Remaining: 0, Completed: 5, Failed: 0, Warning: 0
2025-09-10 16:06:13,407 - pynetdicom.association - INFO - Releasing Association
2025-09-10 16:06:13,426 - core.dicom_client - INFO - Retrieval completed: 5 file(s)
2025-09-10 16:08:33,875 - utils.network_utils - ERROR - Connection test failed: name 'self' is not defined
2025-09-10 16:08:33,875 - core.dicom_client - INFO - Starting series retrieval
2025-09-10 16:08:33,887 - pynetdicom.association - INFO - Requesting Association
2025-09-10 16:08:34,014 - pynetdicom.acse - INFO - Association Accepted
2025-09-10 16:08:34,020 - pynetdicom.association - INFO - Sending Get Request: MsgID 1
2025-09-10 16:08:34,022 - pynetdicom.association - INFO - 
2025-09-10 16:08:34,024 - pynetdicom.association - INFO - # Request Identifier
2025-09-10 16:08:34,028 - pynetdicom.association - INFO - (0008,0052) CS [SERIES]                                 # 1 QueryRetrieveLevel
2025-09-10 16:08:34,032 - pynetdicom.association - INFO - (0020,000E) UI [1.3.12.2.1107.5.2.43.67042.2025090215443836422043221.0.0.0] # 1 SeriesInstanceUID
2025-09-10 16:08:34,034 - pynetdicom.association - INFO - 
2025-09-10 16:08:35,029 - pynetdicom._handlers - INFO - Received Store Request
2025-09-10 16:08:35,032 - core.dicom_client - INFO - Received DICOM image
2025-09-10 16:08:35,036 - pydicom - WARNING - 'write_like_original' is deprecated and will be removed in v4.0, please use 'enforce_file_format' instead
2025-09-10 16:08:35,111 - core.dicom_client - INFO - File received: 1.3.12.2.1107.5.2.43.67042.2025090215444463278343226.dcm
2025-09-10 16:08:35,117 - pynetdicom.association - INFO - Get SCP Response: 1 - 0xFF00 (Pending)
2025-09-10 16:08:35,118 - pynetdicom.association - INFO - Sub-Operations Remaining: 4, Completed: 1, Failed: 0, Warning: 0
2025-09-10 16:08:35,173 - pynetdicom._handlers - INFO - Received Store Request
2025-09-10 16:08:35,176 - core.dicom_client - INFO - Received DICOM image
2025-09-10 16:08:35,178 - pydicom - WARNING - 'write_like_original' is deprecated and will be removed in v4.0, please use 'enforce_file_format' instead
2025-09-10 16:08:35,212 - core.dicom_client - INFO - File received: 1.3.12.2.1107.5.2.43.67042.2025090215444598404643230.dcm
2025-09-10 16:08:35,220 - pynetdicom.association - INFO - Get SCP Response: 2 - 0xFF00 (Pending)
2025-09-10 16:08:35,222 - pynetdicom.association - INFO - Sub-Operations Remaining: 3, Completed: 2, Failed: 0, Warning: 0
2025-09-10 16:08:35,288 - pynetdicom._handlers - INFO - Received Store Request
2025-09-10 16:08:35,291 - core.dicom_client - INFO - Received DICOM image
2025-09-10 16:08:35,293 - pydicom - WARNING - 'write_like_original' is deprecated and will be removed in v4.0, please use 'enforce_file_format' instead
2025-09-10 16:08:35,327 - core.dicom_client - INFO - File received: 1.3.12.2.1107.5.2.43.67042.2025090215444798338143234.dcm
2025-09-10 16:08:35,335 - pynetdicom.association - INFO - Get SCP Response: 3 - 0xFF00 (Pending)
2025-09-10 16:08:35,336 - pynetdicom.association - INFO - Sub-Operations Remaining: 2, Completed: 3, Failed: 0, Warning: 0
2025-09-10 16:08:35,393 - pynetdicom._handlers - INFO - Received Store Request
2025-09-10 16:08:35,396 - core.dicom_client - INFO - Received DICOM image
2025-09-10 16:08:35,399 - pydicom - WARNING - 'write_like_original' is deprecated and will be removed in v4.0, please use 'enforce_file_format' instead
2025-09-10 16:08:35,433 - core.dicom_client - INFO - File received: 1.3.12.2.1107.5.2.43.67042.2025090215444998109643238.dcm
2025-09-10 16:08:35,440 - pynetdicom.association - INFO - Get SCP Response: 4 - 0xFF00 (Pending)
2025-09-10 16:08:35,442 - pynetdicom.association - INFO - Sub-Operations Remaining: 1, Completed: 4, Failed: 0, Warning: 0
2025-09-10 16:08:35,495 - pynetdicom._handlers - INFO - Received Store Request
2025-09-10 16:08:35,499 - core.dicom_client - INFO - Received DICOM image
2025-09-10 16:08:35,502 - pydicom - WARNING - 'write_like_original' is deprecated and will be removed in v4.0, please use 'enforce_file_format' instead
2025-09-10 16:08:35,535 - core.dicom_client - INFO - File received: 1.3.12.2.1107.5.2.43.67042.2025090215445198382443242.dcm
2025-09-10 16:08:35,542 - pynetdicom.association - INFO - Get SCP Response: 5 - 0xFF00 (Pending)
2025-09-10 16:08:35,544 - pynetdicom.association - INFO - Sub-Operations Remaining: 0, Completed: 5, Failed: 0, Warning: 0
2025-09-10 16:08:35,546 - pynetdicom.association - INFO - Get SCP Result: 0x0000 (Success)
2025-09-10 16:08:35,547 - pynetdicom.association - INFO - Sub-Operations Remaining: 0, Completed: 5, Failed: 0, Warning: 0
2025-09-10 16:08:35,549 - pynetdicom.association - INFO - Releasing Association
2025-09-10 16:08:35,567 - core.dicom_client - INFO - Retrieval completed: 5 file(s)
2025-09-10 16:10:06,902 - utils.network_utils - ERROR - Connection test failed: name 'self' is not defined
2025-09-10 16:10:06,917 - core.dicom_client - INFO - Starting series retrieval
2025-09-10 16:10:06,935 - pynetdicom.association - INFO - Requesting Association
2025-09-10 16:10:07,047 - pynetdicom.acse - INFO - Association Accepted
2025-09-10 16:10:07,051 - pynetdicom.association - INFO - Sending Get Request: MsgID 1
2025-09-10 16:10:07,054 - pynetdicom.association - INFO - 
2025-09-10 16:10:07,057 - pynetdicom.association - INFO - # Request Identifier
2025-09-10 16:10:07,060 - pynetdicom.association - INFO - (0008,0052) CS [SERIES]                                 # 1 QueryRetrieveLevel
2025-09-10 16:10:07,063 - pynetdicom.association - INFO - (0020,000E) UI [1.3.12.2.1107.5.2.43.67042.2025090215443836422043221.0.0.0] # 1 SeriesInstanceUID
2025-09-10 16:10:07,065 - pynetdicom.association - INFO - 
2025-09-10 16:10:07,935 - pynetdicom._handlers - INFO - Received Store Request
2025-09-10 16:10:07,942 - core.dicom_client - INFO - Received DICOM image
2025-09-10 16:10:07,944 - pydicom - WARNING - 'write_like_original' is deprecated and will be removed in v4.0, please use 'enforce_file_format' instead
2025-09-10 16:10:08,023 - core.dicom_client - INFO - File received: 1.3.12.2.1107.5.2.43.67042.2025090215444463278343226.dcm
2025-09-10 16:10:08,033 - pynetdicom.association - INFO - Get SCP Response: 1 - 0xFF00 (Pending)
2025-09-10 16:10:08,034 - pynetdicom.association - INFO - Sub-Operations Remaining: 4, Completed: 1, Failed: 0, Warning: 0
2025-09-10 16:10:08,075 - pynetdicom._handlers - INFO - Received Store Request
2025-09-10 16:10:08,079 - core.dicom_client - INFO - Received DICOM image
2025-09-10 16:10:08,080 - pydicom - WARNING - 'write_like_original' is deprecated and will be removed in v4.0, please use 'enforce_file_format' instead
2025-09-10 16:10:08,117 - core.dicom_client - INFO - File received: 1.3.12.2.1107.5.2.43.67042.2025090215444598404643230.dcm
2025-09-10 16:10:08,123 - pynetdicom.association - INFO - Get SCP Response: 2 - 0xFF00 (Pending)
2025-09-10 16:10:08,125 - pynetdicom.association - INFO - Sub-Operations Remaining: 3, Completed: 2, Failed: 0, Warning: 0
2025-09-10 16:10:08,175 - pynetdicom._handlers - INFO - Received Store Request
2025-09-10 16:10:08,178 - core.dicom_client - INFO - Received DICOM image
2025-09-10 16:10:08,180 - pydicom - WARNING - 'write_like_original' is deprecated and will be removed in v4.0, please use 'enforce_file_format' instead
2025-09-10 16:10:08,215 - core.dicom_client - INFO - File received: 1.3.12.2.1107.5.2.43.67042.2025090215444798338143234.dcm
2025-09-10 16:10:08,223 - pynetdicom.association - INFO - Get SCP Response: 3 - 0xFF00 (Pending)
2025-09-10 16:10:08,225 - pynetdicom.association - INFO - Sub-Operations Remaining: 2, Completed: 3, Failed: 0, Warning: 0
2025-09-10 16:10:08,281 - pynetdicom._handlers - INFO - Received Store Request
2025-09-10 16:10:08,283 - core.dicom_client - INFO - Received DICOM image
2025-09-10 16:10:08,285 - pydicom - WARNING - 'write_like_original' is deprecated and will be removed in v4.0, please use 'enforce_file_format' instead
2025-09-10 16:10:08,322 - core.dicom_client - INFO - File received: 1.3.12.2.1107.5.2.43.67042.2025090215444998109643238.dcm
2025-09-10 16:10:08,332 - pynetdicom.association - INFO - Get SCP Response: 4 - 0xFF00 (Pending)
2025-09-10 16:10:08,335 - pynetdicom.association - INFO - Sub-Operations Remaining: 1, Completed: 4, Failed: 0, Warning: 0
2025-09-10 16:10:08,385 - pynetdicom._handlers - INFO - Received Store Request
2025-09-10 16:10:08,387 - core.dicom_client - INFO - Received DICOM image
2025-09-10 16:10:08,389 - pydicom - WARNING - 'write_like_original' is deprecated and will be removed in v4.0, please use 'enforce_file_format' instead
2025-09-10 16:10:08,427 - core.dicom_client - INFO - File received: 1.3.12.2.1107.5.2.43.67042.2025090215445198382443242.dcm
2025-09-10 16:10:08,435 - pynetdicom.association - INFO - Get SCP Response: 5 - 0xFF00 (Pending)
2025-09-10 16:10:08,436 - pynetdicom.association - INFO - Sub-Operations Remaining: 0, Completed: 5, Failed: 0, Warning: 0
2025-09-10 16:10:08,439 - pynetdicom.association - INFO - Get SCP Result: 0x0000 (Success)
2025-09-10 16:10:08,441 - pynetdicom.association - INFO - Sub-Operations Remaining: 0, Completed: 5, Failed: 0, Warning: 0
2025-09-10 16:10:08,442 - pynetdicom.association - INFO - Releasing Association
2025-09-10 16:10:08,459 - core.dicom_client - INFO - Retrieval completed: 5 file(s)
2025-09-10 16:10:23,432 - pynetdicom.association - INFO - Requesting Association
2025-09-10 16:10:23,528 - pynetdicom.acse - INFO - Association Accepted
2025-09-10 16:10:23,532 - utils.network_utils - INFO - Connection to Telemis server successful
2025-09-10 16:10:23,535 - pynetdicom.association - INFO - Releasing Association
2025-09-10 16:10:23,551 - core.dicom_client - INFO - Starting series retrieval
2025-09-10 16:10:23,560 - pynetdicom.association - INFO - Requesting Association
2025-09-10 16:10:23,669 - pynetdicom.acse - INFO - Association Accepted
2025-09-10 16:10:23,674 - pynetdicom.association - INFO - Sending Get Request: MsgID 1
2025-09-10 16:10:23,677 - pynetdicom.association - INFO - 
2025-09-10 16:10:23,679 - pynetdicom.association - INFO - # Request Identifier
2025-09-10 16:10:23,680 - pynetdicom.association - INFO - (0008,0052) CS [SERIES]                                 # 1 QueryRetrieveLevel
2025-09-10 16:10:23,682 - pynetdicom.association - INFO - (0020,000E) UI [1.3.12.2.1107.5.2.43.67042.2025090215443836422043221.0.0.0] # 1 SeriesInstanceUID
2025-09-10 16:10:23,683 - pynetdicom.association - INFO - 
2025-09-10 16:10:24,158 - pynetdicom._handlers - INFO - Received Store Request
2025-09-10 16:10:24,161 - core.dicom_client - INFO - Received DICOM image
2025-09-10 16:10:24,165 - pydicom - WARNING - 'write_like_original' is deprecated and will be removed in v4.0, please use 'enforce_file_format' instead
2025-09-10 16:10:24,242 - core.dicom_client - INFO - File received: 1.3.12.2.1107.5.2.43.67042.2025090215444463278343226.dcm
2025-09-10 16:10:24,250 - pynetdicom.association - INFO - Get SCP Response: 1 - 0xFF00 (Pending)
2025-09-10 16:10:24,251 - pynetdicom.association - INFO - Sub-Operations Remaining: 4, Completed: 1, Failed: 0, Warning: 0
2025-09-10 16:10:24,303 - pynetdicom._handlers - INFO - Received Store Request
2025-09-10 16:10:24,306 - core.dicom_client - INFO - Received DICOM image
2025-09-10 16:10:24,311 - pydicom - WARNING - 'write_like_original' is deprecated and will be removed in v4.0, please use 'enforce_file_format' instead
2025-09-10 16:10:24,351 - core.dicom_client - INFO - File received: 1.3.12.2.1107.5.2.43.67042.2025090215444598404643230.dcm
2025-09-10 16:10:24,360 - pynetdicom.association - INFO - Get SCP Response: 2 - 0xFF00 (Pending)
2025-09-10 16:10:24,361 - pynetdicom.association - INFO - Sub-Operations Remaining: 3, Completed: 2, Failed: 0, Warning: 0
2025-09-10 16:10:24,411 - pynetdicom._handlers - INFO - Received Store Request
2025-09-10 16:10:24,414 - core.dicom_client - INFO - Received DICOM image
2025-09-10 16:10:24,416 - pydicom - WARNING - 'write_like_original' is deprecated and will be removed in v4.0, please use 'enforce_file_format' instead
2025-09-10 16:10:24,452 - core.dicom_client - INFO - File received: 1.3.12.2.1107.5.2.43.67042.2025090215444798338143234.dcm
2025-09-10 16:10:24,460 - pynetdicom.association - INFO - Get SCP Response: 3 - 0xFF00 (Pending)
2025-09-10 16:10:24,461 - pynetdicom.association - INFO - Sub-Operations Remaining: 2, Completed: 3, Failed: 0, Warning: 0
2025-09-10 16:10:24,511 - pynetdicom._handlers - INFO - Received Store Request
2025-09-10 16:10:24,513 - core.dicom_client - INFO - Received DICOM image
2025-09-10 16:10:24,515 - pydicom - WARNING - 'write_like_original' is deprecated and will be removed in v4.0, please use 'enforce_file_format' instead
2025-09-10 16:10:24,550 - core.dicom_client - INFO - File received: 1.3.12.2.1107.5.2.43.67042.2025090215444998109643238.dcm
2025-09-10 16:10:24,560 - pynetdicom.association - INFO - Get SCP Response: 4 - 0xFF00 (Pending)
2025-09-10 16:10:24,562 - pynetdicom.association - INFO - Sub-Operations Remaining: 1, Completed: 4, Failed: 0, Warning: 0
2025-09-10 16:10:24,613 - pynetdicom._handlers - INFO - Received Store Request
2025-09-10 16:10:24,616 - core.dicom_client - INFO - Received DICOM image
2025-09-10 16:10:24,618 - pydicom - WARNING - 'write_like_original' is deprecated and will be removed in v4.0, please use 'enforce_file_format' instead
2025-09-10 16:10:24,661 - core.dicom_client - INFO - File received: 1.3.12.2.1107.5.2.43.67042.2025090215445198382443242.dcm
2025-09-10 16:10:24,669 - pynetdicom.association - INFO - Get SCP Response: 5 - 0xFF00 (Pending)
2025-09-10 16:10:24,671 - pynetdicom.association - INFO - Sub-Operations Remaining: 0, Completed: 5, Failed: 0, Warning: 0
2025-09-10 16:10:24,673 - pynetdicom.association - INFO - Get SCP Result: 0x0000 (Success)
2025-09-10 16:10:24,674 - pynetdicom.association - INFO - Sub-Operations Remaining: 0, Completed: 5, Failed: 0, Warning: 0
2025-09-10 16:10:24,676 - pynetdicom.association - INFO - Releasing Association
2025-09-10 16:10:24,694 - core.dicom_client - INFO - Retrieval completed: 5 file(s)
2025-09-10 16:12:38,480 - pynetdicom.association - INFO - Requesting Association
2025-09-10 16:12:38,586 - pynetdicom.acse - INFO - Association Accepted
2025-09-10 16:12:38,589 - utils.network_utils - INFO - Connection to Telemis server successful
2025-09-10 16:12:38,593 - pynetdicom.association - INFO - Releasing Association
2025-09-10 16:12:38,609 - core.dicom_client - INFO - Starting series retrieval
2025-09-10 16:12:38,617 - pynetdicom.association - INFO - Requesting Association
2025-09-10 16:12:38,727 - pynetdicom.acse - INFO - Association Accepted
2025-09-10 16:12:38,732 - pynetdicom.association - INFO - Sending Get Request: MsgID 1
2025-09-10 16:12:38,736 - pynetdicom.association - INFO - 
2025-09-10 16:12:38,738 - pynetdicom.association - INFO - # Request Identifier
2025-09-10 16:12:38,742 - pynetdicom.association - INFO - (0008,0052) CS [SERIES]                                 # 1 QueryRetrieveLevel
2025-09-10 16:12:38,745 - pynetdicom.association - INFO - (0020,000E) UI [1.3.12.2.1107.5.2.43.67042.2025090215443836422043221.0.0.0] # 1 SeriesInstanceUID
2025-09-10 16:12:38,748 - pynetdicom.association - INFO - 
2025-09-10 16:12:39,428 - pynetdicom._handlers - INFO - Received Store Request
2025-09-10 16:12:39,433 - core.dicom_client - INFO - Received DICOM image
2025-09-10 16:12:39,438 - pydicom - WARNING - 'write_like_original' is deprecated and will be removed in v4.0, please use 'enforce_file_format' instead
2025-09-10 16:12:39,516 - core.dicom_client - INFO - File received: 1.3.12.2.1107.5.2.43.67042.2025090215444463278343226.dcm
2025-09-10 16:12:39,524 - pynetdicom.association - INFO - Get SCP Response: 1 - 0xFF00 (Pending)
2025-09-10 16:12:39,531 - pynetdicom.association - INFO - Sub-Operations Remaining: 4, Completed: 1, Failed: 0, Warning: 0
2025-09-10 16:12:39,578 - pynetdicom._handlers - INFO - Received Store Request
2025-09-10 16:12:39,583 - core.dicom_client - INFO - Received DICOM image
2025-09-10 16:12:39,586 - pydicom - WARNING - 'write_like_original' is deprecated and will be removed in v4.0, please use 'enforce_file_format' instead
2025-09-10 16:12:39,625 - core.dicom_client - INFO - File received: 1.3.12.2.1107.5.2.43.67042.2025090215444598404643230.dcm
2025-09-10 16:12:39,635 - pynetdicom.association - INFO - Get SCP Response: 2 - 0xFF00 (Pending)
2025-09-10 16:12:39,638 - pynetdicom.association - INFO - Sub-Operations Remaining: 3, Completed: 2, Failed: 0, Warning: 0
2025-09-10 16:12:39,681 - pynetdicom._handlers - INFO - Received Store Request
2025-09-10 16:12:39,686 - core.dicom_client - INFO - Received DICOM image
2025-09-10 16:12:39,689 - pydicom - WARNING - 'write_like_original' is deprecated and will be removed in v4.0, please use 'enforce_file_format' instead
2025-09-10 16:12:39,731 - core.dicom_client - INFO - File received: 1.3.12.2.1107.5.2.43.67042.2025090215444798338143234.dcm
2025-09-10 16:12:39,740 - pynetdicom.association - INFO - Get SCP Response: 3 - 0xFF00 (Pending)
2025-09-10 16:12:39,743 - pynetdicom.association - INFO - Sub-Operations Remaining: 2, Completed: 3, Failed: 0, Warning: 0
2025-09-10 16:12:39,785 - pynetdicom._handlers - INFO - Received Store Request
2025-09-10 16:12:39,789 - core.dicom_client - INFO - Received DICOM image
2025-09-10 16:12:39,792 - pydicom - WARNING - 'write_like_original' is deprecated and will be removed in v4.0, please use 'enforce_file_format' instead
2025-09-10 16:12:39,831 - core.dicom_client - INFO - File received: 1.3.12.2.1107.5.2.43.67042.2025090215444998109643238.dcm
2025-09-10 16:12:39,841 - pynetdicom.association - INFO - Get SCP Response: 4 - 0xFF00 (Pending)
2025-09-10 16:12:39,844 - pynetdicom.association - INFO - Sub-Operations Remaining: 1, Completed: 4, Failed: 0, Warning: 0
2025-09-10 16:12:39,887 - pynetdicom._handlers - INFO - Received Store Request
2025-09-10 16:12:39,891 - core.dicom_client - INFO - Received DICOM image
2025-09-10 16:12:39,895 - pydicom - WARNING - 'write_like_original' is deprecated and will be removed in v4.0, please use 'enforce_file_format' instead
2025-09-10 16:12:39,935 - core.dicom_client - INFO - File received: 1.3.12.2.1107.5.2.43.67042.2025090215445198382443242.dcm
2025-09-10 16:12:39,943 - pynetdicom.association - INFO - Get SCP Response: 5 - 0xFF00 (Pending)
2025-09-10 16:12:39,946 - pynetdicom.association - INFO - Sub-Operations Remaining: 0, Completed: 5, Failed: 0, Warning: 0
2025-09-10 16:12:39,949 - pynetdicom.association - INFO - Get SCP Result: 0x0000 (Success)
2025-09-10 16:12:39,954 - pynetdicom.association - INFO - Sub-Operations Remaining: 0, Completed: 5, Failed: 0, Warning: 0
2025-09-10 16:12:39,957 - pynetdicom.association - INFO - Releasing Association
2025-09-10 16:12:39,975 - core.dicom_client - INFO - Retrieval completed: 5 file(s)
2025-09-10 16:13:33,116 - pynetdicom.association - INFO - Requesting Association
2025-09-10 16:13:33,239 - pynetdicom.acse - INFO - Association Accepted
2025-09-10 16:13:33,243 - utils.network_utils - INFO - Connection to Telemis server successful
2025-09-10 16:13:33,256 - pynetdicom.association - INFO - Releasing Association
2025-09-10 16:13:33,276 - core.dicom_client - INFO - Starting series retrieval
2025-09-10 16:13:33,286 - pynetdicom.association - INFO - Requesting Association
2025-09-10 16:13:33,395 - pynetdicom.acse - INFO - Association Accepted
2025-09-10 16:13:33,401 - pynetdicom.association - INFO - Sending Get Request: MsgID 1
2025-09-10 16:13:33,406 - pynetdicom.association - INFO - 
2025-09-10 16:13:33,409 - pynetdicom.association - INFO - # Request Identifier
2025-09-10 16:13:33,415 - pynetdicom.association - INFO - (0008,0052) CS [SERIES]                                 # 1 QueryRetrieveLevel
2025-09-10 16:13:33,420 - pynetdicom.association - INFO - (0020,000E) UI [1.3.12.2.1107.5.2.43.67042.2025090215443836422043221.0.0.0] # 1 SeriesInstanceUID
2025-09-10 16:13:33,426 - pynetdicom.association - INFO - 
2025-09-10 16:13:34,119 - pynetdicom._handlers - INFO - Received Store Request
2025-09-10 16:13:34,123 - core.dicom_client - INFO - Received DICOM image
2025-09-10 16:13:34,129 - pydicom - WARNING - 'write_like_original' is deprecated and will be removed in v4.0, please use 'enforce_file_format' instead
2025-09-10 16:13:34,212 - core.dicom_client - INFO - File received: 1.3.12.2.1107.5.2.43.67042.2025090215444463278343226.dcm
2025-09-10 16:13:34,225 - pynetdicom.association - INFO - Get SCP Response: 1 - 0xFF00 (Pending)
2025-09-10 16:13:34,231 - pynetdicom.association - INFO - Sub-Operations Remaining: 4, Completed: 1, Failed: 0, Warning: 0
2025-09-10 16:13:34,278 - pynetdicom._handlers - INFO - Received Store Request
2025-09-10 16:13:34,282 - core.dicom_client - INFO - Received DICOM image
2025-09-10 16:13:34,285 - pydicom - WARNING - 'write_like_original' is deprecated and will be removed in v4.0, please use 'enforce_file_format' instead
2025-09-10 16:13:34,327 - core.dicom_client - INFO - File received: 1.3.12.2.1107.5.2.43.67042.2025090215444598404643230.dcm
2025-09-10 16:13:34,336 - pynetdicom.association - INFO - Get SCP Response: 2 - 0xFF00 (Pending)
2025-09-10 16:13:34,340 - pynetdicom.association - INFO - Sub-Operations Remaining: 3, Completed: 2, Failed: 0, Warning: 0
2025-09-10 16:13:34,390 - pynetdicom._handlers - INFO - Received Store Request
2025-09-10 16:13:34,395 - core.dicom_client - INFO - Received DICOM image
2025-09-10 16:13:34,399 - pydicom - WARNING - 'write_like_original' is deprecated and will be removed in v4.0, please use 'enforce_file_format' instead
2025-09-10 16:13:34,437 - core.dicom_client - INFO - File received: 1.3.12.2.1107.5.2.43.67042.2025090215444798338143234.dcm
2025-09-10 16:13:34,448 - pynetdicom.association - INFO - Get SCP Response: 3 - 0xFF00 (Pending)
2025-09-10 16:13:34,451 - pynetdicom.association - INFO - Sub-Operations Remaining: 2, Completed: 3, Failed: 0, Warning: 0
2025-09-10 16:13:34,496 - pynetdicom._handlers - INFO - Received Store Request
2025-09-10 16:13:34,499 - core.dicom_client - INFO - Received DICOM image
2025-09-10 16:13:34,503 - pydicom - WARNING - 'write_like_original' is deprecated and will be removed in v4.0, please use 'enforce_file_format' instead
2025-09-10 16:13:34,545 - core.dicom_client - INFO - File received: 1.3.12.2.1107.5.2.43.67042.2025090215444998109643238.dcm
2025-09-10 16:13:34,555 - pynetdicom.association - INFO - Get SCP Response: 4 - 0xFF00 (Pending)
2025-09-10 16:13:34,557 - pynetdicom.association - INFO - Sub-Operations Remaining: 1, Completed: 4, Failed: 0, Warning: 0
2025-09-10 16:13:34,599 - pynetdicom._handlers - INFO - Received Store Request
2025-09-10 16:13:34,604 - core.dicom_client - INFO - Received DICOM image
2025-09-10 16:13:34,607 - pydicom - WARNING - 'write_like_original' is deprecated and will be removed in v4.0, please use 'enforce_file_format' instead
2025-09-10 16:13:34,643 - core.dicom_client - INFO - File received: 1.3.12.2.1107.5.2.43.67042.2025090215445198382443242.dcm
2025-09-10 16:13:34,652 - pynetdicom.association - INFO - Get SCP Response: 5 - 0xFF00 (Pending)
2025-09-10 16:13:34,655 - pynetdicom.association - INFO - Sub-Operations Remaining: 0, Completed: 5, Failed: 0, Warning: 0
2025-09-10 16:13:34,658 - pynetdicom.association - INFO - Get SCP Result: 0x0000 (Success)
2025-09-10 16:13:34,661 - pynetdicom.association - INFO - Sub-Operations Remaining: 0, Completed: 5, Failed: 0, Warning: 0
2025-09-10 16:13:34,663 - pynetdicom.association - INFO - Releasing Association
2025-09-10 16:13:34,682 - core.dicom_client - INFO - Retrieval completed: 5 file(s)
2025-09-10 16:14:12,222 - pynetdicom.association - INFO - Requesting Association
2025-09-10 16:14:12,332 - pynetdicom.acse - INFO - Association Accepted
2025-09-10 16:14:12,335 - utils.network_utils - INFO - Connection to Telemis server successful
2025-09-10 16:14:12,339 - pynetdicom.association - INFO - Releasing Association
2025-09-10 16:14:12,354 - core.dicom_client - INFO - Starting series retrieval
2025-09-10 16:14:12,364 - pynetdicom.association - INFO - Requesting Association
2025-09-10 16:14:12,478 - pynetdicom.acse - INFO - Association Accepted
2025-09-10 16:14:12,483 - pynetdicom.association - INFO - Sending Get Request: MsgID 1
2025-09-10 16:14:12,487 - pynetdicom.association - INFO - 
2025-09-10 16:14:12,490 - pynetdicom.association - INFO - # Request Identifier
2025-09-10 16:14:12,493 - pynetdicom.association - INFO - (0008,0052) CS [SERIES]                                 # 1 QueryRetrieveLevel
2025-09-10 16:14:12,496 - pynetdicom.association - INFO - (0020,000E) UI [1.3.12.2.1107.5.2.43.67042.2025090215443836422043221.0.0.0] # 1 SeriesInstanceUID
2025-09-10 16:14:12,499 - pynetdicom.association - INFO - 
2025-09-10 16:14:13,507 - pynetdicom._handlers - INFO - Received Store Request
2025-09-10 16:14:13,511 - core.dicom_client - INFO - Received DICOM image
2025-09-10 16:14:13,518 - pydicom - WARNING - 'write_like_original' is deprecated and will be removed in v4.0, please use 'enforce_file_format' instead
2025-09-10 16:14:13,598 - core.dicom_client - INFO - File received: 1.3.12.2.1107.5.2.43.67042.2025090215444463278343226.dcm
2025-09-10 16:14:13,609 - pynetdicom.association - INFO - Get SCP Response: 1 - 0xFF00 (Pending)
2025-09-10 16:14:13,617 - pynetdicom.association - INFO - Sub-Operations Remaining: 4, Completed: 1, Failed: 0, Warning: 0
2025-09-10 16:14:13,656 - pynetdicom._handlers - INFO - Received Store Request
2025-09-10 16:14:13,661 - core.dicom_client - INFO - Received DICOM image
2025-09-10 16:14:13,665 - pydicom - WARNING - 'write_like_original' is deprecated and will be removed in v4.0, please use 'enforce_file_format' instead
2025-09-10 16:14:13,704 - core.dicom_client - INFO - File received: 1.3.12.2.1107.5.2.43.67042.2025090215444598404643230.dcm
2025-09-10 16:14:13,712 - pynetdicom.association - INFO - Get SCP Response: 2 - 0xFF00 (Pending)
2025-09-10 16:14:13,715 - pynetdicom.association - INFO - Sub-Operations Remaining: 3, Completed: 2, Failed: 0, Warning: 0
2025-09-10 16:14:13,756 - pynetdicom._handlers - INFO - Received Store Request
2025-09-10 16:14:13,761 - core.dicom_client - INFO - Received DICOM image
2025-09-10 16:14:13,764 - pydicom - WARNING - 'write_like_original' is deprecated and will be removed in v4.0, please use 'enforce_file_format' instead
2025-09-10 16:14:13,804 - core.dicom_client - INFO - File received: 1.3.12.2.1107.5.2.43.67042.2025090215444798338143234.dcm
2025-09-10 16:14:13,814 - pynetdicom.association - INFO - Get SCP Response: 3 - 0xFF00 (Pending)
2025-09-10 16:14:13,816 - pynetdicom.association - INFO - Sub-Operations Remaining: 2, Completed: 3, Failed: 0, Warning: 0
2025-09-10 16:14:13,861 - pynetdicom._handlers - INFO - Received Store Request
2025-09-10 16:14:13,865 - core.dicom_client - INFO - Received DICOM image
2025-09-10 16:14:13,869 - pydicom - WARNING - 'write_like_original' is deprecated and will be removed in v4.0, please use 'enforce_file_format' instead
2025-09-10 16:14:13,907 - core.dicom_client - INFO - File received: 1.3.12.2.1107.5.2.43.67042.2025090215444998109643238.dcm
2025-09-10 16:14:13,916 - pynetdicom.association - INFO - Get SCP Response: 4 - 0xFF00 (Pending)
2025-09-10 16:14:13,919 - pynetdicom.association - INFO - Sub-Operations Remaining: 1, Completed: 4, Failed: 0, Warning: 0
2025-09-10 16:14:13,964 - pynetdicom._handlers - INFO - Received Store Request
2025-09-10 16:14:13,968 - core.dicom_client - INFO - Received DICOM image
2025-09-10 16:14:13,973 - pydicom - WARNING - 'write_like_original' is deprecated and will be removed in v4.0, please use 'enforce_file_format' instead
2025-09-10 16:14:14,010 - core.dicom_client - INFO - File received: 1.3.12.2.1107.5.2.43.67042.2025090215445198382443242.dcm
2025-09-10 16:14:14,018 - pynetdicom.association - INFO - Get SCP Response: 5 - 0xFF00 (Pending)
2025-09-10 16:14:14,021 - pynetdicom.association - INFO - Sub-Operations Remaining: 0, Completed: 5, Failed: 0, Warning: 0
2025-09-10 16:14:14,024 - pynetdicom.association - INFO - Get SCP Result: 0x0000 (Success)
2025-09-10 16:14:14,029 - pynetdicom.association - INFO - Sub-Operations Remaining: 0, Completed: 5, Failed: 0, Warning: 0
2025-09-10 16:14:14,034 - pynetdicom.association - INFO - Releasing Association
2025-09-10 16:14:14,053 - core.dicom_client - INFO - Retrieval completed: 5 file(s)
2025-09-10 16:18:08,062 - pynetdicom.association - INFO - Requesting Association
2025-09-10 16:18:08,175 - pynetdicom.acse - INFO - Association Accepted
2025-09-10 16:18:08,178 - tests.connection - ERROR - Connection test failed: test_result() missing 1 required positional argument: 'message'
2025-09-10 16:18:08,183 - core.dicom_client - INFO - Starting series retrieval
2025-09-10 16:18:08,193 - pynetdicom.association - INFO - Requesting Association
2025-09-10 16:18:08,332 - pynetdicom.acse - INFO - Association Accepted
2025-09-10 16:18:08,337 - pynetdicom.association - INFO - Sending Get Request: MsgID 1
2025-09-10 16:18:08,340 - pynetdicom.association - INFO - 
2025-09-10 16:18:08,343 - pynetdicom.association - INFO - # Request Identifier
2025-09-10 16:18:08,346 - pynetdicom.association - INFO - (0008,0052) CS [SERIES]                                 # 1 QueryRetrieveLevel
2025-09-10 16:18:08,350 - pynetdicom.association - INFO - (0020,000E) UI [1.3.12.2.1107.5.2.43.67042.2025090215443836422043221.0.0.0] # 1 SeriesInstanceUID
2025-09-10 16:18:08,353 - pynetdicom.association - INFO - 
2025-09-10 16:18:38,359 - pynetdicom.association - ERROR - DIMSE timeout reached while waiting for message response
2025-09-10 16:18:38,363 - pynetdicom.association - INFO - Aborting Association
2025-09-10 16:18:38,482 - core.dicom_client - INFO - Retrieval completed: 0 file(s)
2025-09-10 16:19:08,176 - pynetdicom.association - ERROR - Network timeout reached
2025-09-10 16:19:08,181 - pynetdicom.association - INFO - Aborting Association
2025-09-10 16:19:17,455 - pynetdicom.association - INFO - Requesting Association
2025-09-10 16:19:17,558 - pynetdicom.acse - INFO - Association Accepted
2025-09-10 16:19:17,560 - tests.connection - INFO - Connection to Telemis server successful
2025-09-10 16:19:17,564 - pynetdicom.association - INFO - Releasing Association
2025-09-10 16:19:59,453 - pynetdicom.association - INFO - Requesting Association
2025-09-10 16:19:59,573 - pynetdicom.acse - INFO - Association Accepted
2025-09-10 16:19:59,575 - tests.connection - INFO - Connection to Telemis server successful
2025-09-10 16:19:59,588 - pynetdicom.association - INFO - Releasing Association
2025-09-10 16:20:51,007 - pynetdicom.association - INFO - Requesting Association
2025-09-10 16:20:51,121 - pynetdicom.acse - INFO - Association Accepted
2025-09-10 16:20:51,125 - tests.connection - INFO - Connection to Telemis server successful
2025-09-10 16:20:51,131 - pynetdicom.association - INFO - Releasing Association
2025-09-10 16:21:23,856 - pynetdicom.association - INFO - Requesting Association
2025-09-10 16:21:23,975 - pynetdicom.acse - INFO - Association Accepted
2025-09-10 16:21:23,978 - tests.connection - INFO - Connection to Telemis server successful
2025-09-10 16:21:23,980 - pynetdicom.association - INFO - Releasing Association
2025-09-10 16:24:26,884 - pynetdicom.association - INFO - Requesting Association
2025-09-10 16:24:26,985 - pynetdicom.acse - INFO - Association Accepted
2025-09-10 16:24:26,988 - tests.connection - INFO - Connection to Telemis server successful
2025-09-10 16:24:26,992 - pynetdicom.association - INFO - Releasing Association
2025-09-10 16:24:40,745 - pynetdicom.association - INFO - Requesting Association
2025-09-10 16:24:40,846 - pynetdicom.acse - INFO - Association Accepted
2025-09-10 16:24:40,848 - tests.connection - INFO - Connection to Telemis server successful
2025-09-10 16:24:40,853 - pynetdicom.association - INFO - Releasing Association
2025-09-10 16:24:40,870 - core.dicom_client - INFO - Starting series retrieval
2025-09-10 16:24:40,878 - pynetdicom.association - INFO - Requesting Association
2025-09-10 16:24:40,992 - pynetdicom.acse - INFO - Association Accepted
2025-09-10 16:24:40,994 - pynetdicom.association - INFO - Sending Get Request: MsgID 1
2025-09-10 16:24:40,997 - pynetdicom.association - INFO - 
2025-09-10 16:24:40,998 - pynetdicom.association - INFO - # Request Identifier
2025-09-10 16:24:41,001 - pynetdicom.association - INFO - (0008,0052) CS [SERIES]                                 # 1 QueryRetrieveLevel
2025-09-10 16:24:41,003 - pynetdicom.association - INFO - (0020,000E) UI [1.3.12.2.1107.5.2.43.67042.2025090215443836422043221.0.0.0] # 1 SeriesInstanceUID
2025-09-10 16:24:41,005 - pynetdicom.association - INFO - 
2025-09-10 16:24:41,752 - pynetdicom._handlers - INFO - Received Store Request
2025-09-10 16:24:41,756 - core.dicom_client - INFO - Received DICOM image
2025-09-10 16:24:41,758 - pydicom - WARNING - 'write_like_original' is deprecated and will be removed in v4.0, please use 'enforce_file_format' instead
2025-09-10 16:24:41,841 - core.dicom_client - INFO - File received: 1.3.12.2.1107.5.2.43.67042.2025090215444463278343226.dcm
2025-09-10 16:24:41,848 - pynetdicom.association - INFO - Get SCP Response: 1 - 0xFF00 (Pending)
2025-09-10 16:24:41,849 - pynetdicom.association - INFO - Sub-Operations Remaining: 4, Completed: 1, Failed: 0, Warning: 0
2025-09-10 16:24:41,892 - pynetdicom._handlers - INFO - Received Store Request
2025-09-10 16:24:41,896 - core.dicom_client - INFO - Received DICOM image
2025-09-10 16:24:41,897 - pydicom - WARNING - 'write_like_original' is deprecated and will be removed in v4.0, please use 'enforce_file_format' instead
2025-09-10 16:24:41,933 - core.dicom_client - INFO - File received: 1.3.12.2.1107.5.2.43.67042.2025090215444598404643230.dcm
2025-09-10 16:24:41,940 - pynetdicom.association - INFO - Get SCP Response: 2 - 0xFF00 (Pending)
2025-09-10 16:24:41,943 - pynetdicom.association - INFO - Sub-Operations Remaining: 3, Completed: 2, Failed: 0, Warning: 0
2025-09-10 16:24:41,999 - pynetdicom._handlers - INFO - Received Store Request
2025-09-10 16:24:42,001 - core.dicom_client - INFO - Received DICOM image
2025-09-10 16:24:42,003 - pydicom - WARNING - 'write_like_original' is deprecated and will be removed in v4.0, please use 'enforce_file_format' instead
2025-09-10 16:24:42,056 - core.dicom_client - INFO - File received: 1.3.12.2.1107.5.2.43.67042.2025090215444798338143234.dcm
2025-09-10 16:24:42,066 - pynetdicom.association - INFO - Get SCP Response: 3 - 0xFF00 (Pending)
2025-09-10 16:24:42,067 - pynetdicom.association - INFO - Sub-Operations Remaining: 2, Completed: 3, Failed: 0, Warning: 0
2025-09-10 16:24:42,118 - pynetdicom._handlers - INFO - Received Store Request
2025-09-10 16:24:42,120 - core.dicom_client - INFO - Received DICOM image
2025-09-10 16:24:42,124 - pydicom - WARNING - 'write_like_original' is deprecated and will be removed in v4.0, please use 'enforce_file_format' instead
2025-09-10 16:24:42,159 - core.dicom_client - INFO - File received: 1.3.12.2.1107.5.2.43.67042.2025090215444998109643238.dcm
2025-09-10 16:24:42,168 - pynetdicom.association - INFO - Get SCP Response: 4 - 0xFF00 (Pending)
2025-09-10 16:24:42,169 - pynetdicom.association - INFO - Sub-Operations Remaining: 1, Completed: 4, Failed: 0, Warning: 0
2025-09-10 16:24:42,221 - pynetdicom._handlers - INFO - Received Store Request
2025-09-10 16:24:42,224 - core.dicom_client - INFO - Received DICOM image
2025-09-10 16:24:42,227 - pydicom - WARNING - 'write_like_original' is deprecated and will be removed in v4.0, please use 'enforce_file_format' instead
2025-09-10 16:24:42,261 - core.dicom_client - INFO - File received: 1.3.12.2.1107.5.2.43.67042.2025090215445198382443242.dcm
2025-09-10 16:24:42,270 - pynetdicom.association - INFO - Get SCP Response: 5 - 0xFF00 (Pending)
2025-09-10 16:24:42,271 - pynetdicom.association - INFO - Sub-Operations Remaining: 0, Completed: 5, Failed: 0, Warning: 0
2025-09-10 16:24:42,274 - pynetdicom.association - INFO - Get SCP Result: 0x0000 (Success)
2025-09-10 16:24:42,275 - pynetdicom.association - INFO - Sub-Operations Remaining: 0, Completed: 5, Failed: 0, Warning: 0
2025-09-10 16:24:42,277 - pynetdicom.association - INFO - Releasing Association
2025-09-10 16:24:42,292 - core.dicom_client - INFO - Retrieval completed: 5 file(s)
2025-09-10 16:26:10,493 - pynetdicom.association - INFO - Requesting Association
2025-09-10 16:26:10,598 - pynetdicom.acse - INFO - Association Accepted
2025-09-10 16:26:10,602 - tests.connection - INFO - Connection to Telemis server successful
2025-09-10 16:26:10,606 - pynetdicom.association - INFO - Releasing Association
2025-09-10 16:26:10,625 - core.dicom_client - INFO - Starting series retrieval
2025-09-10 16:26:10,633 - pynetdicom.association - INFO - Requesting Association
2025-09-10 16:26:10,741 - pynetdicom.acse - INFO - Association Accepted
2025-09-10 16:26:10,748 - pynetdicom.association - INFO - Sending Get Request: MsgID 1
2025-09-10 16:26:10,751 - pynetdicom.association - INFO - 
2025-09-10 16:26:10,753 - pynetdicom.association - INFO - # Request Identifier
2025-09-10 16:26:10,754 - pynetdicom.association - INFO - (0008,0052) CS [SERIES]                                 # 1 QueryRetrieveLevel
2025-09-10 16:26:10,756 - pynetdicom.association - INFO - (0020,000E) UI [1.3.12.2.1107.5.2.43.67042.2025090215443836422043221.0.0.0] # 1 SeriesInstanceUID
2025-09-10 16:26:10,757 - pynetdicom.association - INFO - 
2025-09-10 16:26:11,428 - pynetdicom._handlers - INFO - Received Store Request
2025-09-10 16:26:11,431 - core.dicom_client - INFO - Received DICOM image
2025-09-10 16:26:11,436 - pydicom - WARNING - 'write_like_original' is deprecated and will be removed in v4.0, please use 'enforce_file_format' instead
2025-09-10 16:26:11,506 - core.dicom_client - INFO - File received: 1.3.12.2.1107.5.2.43.67042.2025090215444463278343226.dcm
2025-09-10 16:26:11,516 - pynetdicom.association - INFO - Get SCP Response: 1 - 0xFF00 (Pending)
2025-09-10 16:26:11,517 - pynetdicom.association - INFO - Sub-Operations Remaining: 4, Completed: 1, Failed: 0, Warning: 0
2025-09-10 16:26:11,560 - pynetdicom._handlers - INFO - Received Store Request
2025-09-10 16:26:11,563 - core.dicom_client - INFO - Received DICOM image
2025-09-10 16:26:11,565 - pydicom - WARNING - 'write_like_original' is deprecated and will be removed in v4.0, please use 'enforce_file_format' instead
2025-09-10 16:26:11,600 - core.dicom_client - INFO - File received: 1.3.12.2.1107.5.2.43.67042.2025090215444598404643230.dcm
2025-09-10 16:26:11,608 - pynetdicom.association - INFO - Get SCP Response: 2 - 0xFF00 (Pending)
2025-09-10 16:26:11,609 - pynetdicom.association - INFO - Sub-Operations Remaining: 3, Completed: 2, Failed: 0, Warning: 0
2025-09-10 16:26:11,663 - pynetdicom._handlers - INFO - Received Store Request
2025-09-10 16:26:11,666 - core.dicom_client - INFO - Received DICOM image
2025-09-10 16:26:11,667 - pydicom - WARNING - 'write_like_original' is deprecated and will be removed in v4.0, please use 'enforce_file_format' instead
2025-09-10 16:26:11,704 - core.dicom_client - INFO - File received: 1.3.12.2.1107.5.2.43.67042.2025090215444798338143234.dcm
2025-09-10 16:26:11,710 - pynetdicom.association - INFO - Get SCP Response: 3 - 0xFF00 (Pending)
2025-09-10 16:26:11,711 - pynetdicom.association - INFO - Sub-Operations Remaining: 2, Completed: 3, Failed: 0, Warning: 0
2025-09-10 16:26:11,753 - pynetdicom._handlers - INFO - Received Store Request
2025-09-10 16:26:11,757 - core.dicom_client - INFO - Received DICOM image
2025-09-10 16:26:11,759 - pydicom - WARNING - 'write_like_original' is deprecated and will be removed in v4.0, please use 'enforce_file_format' instead
2025-09-10 16:26:11,798 - core.dicom_client - INFO - File received: 1.3.12.2.1107.5.2.43.67042.2025090215444998109643238.dcm
2025-09-10 16:26:11,805 - pynetdicom.association - INFO - Get SCP Response: 4 - 0xFF00 (Pending)
2025-09-10 16:26:11,806 - pynetdicom.association - INFO - Sub-Operations Remaining: 1, Completed: 4, Failed: 0, Warning: 0
2025-09-10 16:26:11,858 - pynetdicom._handlers - INFO - Received Store Request
2025-09-10 16:26:11,860 - core.dicom_client - INFO - Received DICOM image
2025-09-10 16:26:11,864 - pydicom - WARNING - 'write_like_original' is deprecated and will be removed in v4.0, please use 'enforce_file_format' instead
2025-09-10 16:26:11,898 - core.dicom_client - INFO - File received: 1.3.12.2.1107.5.2.43.67042.2025090215445198382443242.dcm
2025-09-10 16:26:11,905 - pynetdicom.association - INFO - Get SCP Response: 5 - 0xFF00 (Pending)
2025-09-10 16:26:11,906 - pynetdicom.association - INFO - Sub-Operations Remaining: 0, Completed: 5, Failed: 0, Warning: 0
2025-09-10 16:26:11,908 - pynetdicom.association - INFO - Get SCP Result: 0x0000 (Success)
2025-09-10 16:26:11,910 - pynetdicom.association - INFO - Sub-Operations Remaining: 0, Completed: 5, Failed: 0, Warning: 0
2025-09-10 16:26:11,911 - pynetdicom.association - INFO - Releasing Association
2025-09-10 16:26:11,929 - core.dicom_client - INFO - Retrieval completed: 5 file(s)
2025-09-10 16:27:01,497 - pynetdicom.association - INFO - Requesting Association
2025-09-10 16:27:01,665 - pynetdicom.acse - INFO - Association Accepted
2025-09-10 16:27:01,668 - tests.connection - INFO - Connection to Telemis server successful
2025-09-10 16:27:01,674 - pynetdicom.association - INFO - Releasing Association
2025-09-10 16:27:01,696 - core.dicom_client - INFO - Starting series retrieval
2025-09-10 16:27:01,704 - pynetdicom.association - INFO - Requesting Association
2025-09-10 16:27:01,828 - pynetdicom.acse - INFO - Association Accepted
2025-09-10 16:27:01,835 - pynetdicom.association - INFO - Sending Get Request: MsgID 1
2025-09-10 16:27:01,838 - pynetdicom.association - INFO - 
2025-09-10 16:27:01,842 - pynetdicom.association - INFO - # Request Identifier
2025-09-10 16:27:01,844 - pynetdicom.association - INFO - (0008,0052) CS [SERIES]                                 # 1 QueryRetrieveLevel
2025-09-10 16:27:01,848 - pynetdicom.association - INFO - (0020,000E) UI [1.3.12.2.1107.5.2.43.67042.202509021543836422043221.0.0.0] # 1 SeriesInstanceUID
2025-09-10 16:27:01,851 - pynetdicom.association - INFO - 
2025-09-10 16:27:02,990 - pynetdicom.association - INFO - Get SCP Result: 0x0000 (Success)
2025-09-10 16:27:02,991 - pynetdicom.association - INFO - Sub-Operations Remaining: 0, Completed: 0, Failed: 0, Warning: 0
2025-09-10 16:27:02,996 - pynetdicom.association - INFO - Releasing Association
2025-09-10 16:27:03,010 - core.dicom_client - INFO - Retrieval completed: 0 file(s)
2025-09-10 16:27:11,245 - pynetdicom.association - INFO - Requesting Association
2025-09-10 16:27:11,335 - pynetdicom.acse - INFO - Association Accepted
2025-09-10 16:27:11,345 - tests.connection - INFO - Connection to Telemis server successful
2025-09-10 16:27:11,354 - pynetdicom.association - INFO - Releasing Association
2025-09-10 16:27:11,372 - core.dicom_client - INFO - Starting series retrieval
2025-09-10 16:27:11,382 - pynetdicom.association - INFO - Requesting Association
2025-09-10 16:27:11,505 - pynetdicom.acse - INFO - Association Accepted
2025-09-10 16:27:11,510 - pynetdicom.association - INFO - Sending Get Request: MsgID 1
2025-09-10 16:27:11,515 - pynetdicom.association - INFO - 
2025-09-10 16:27:11,519 - pynetdicom.association - INFO - # Request Identifier
2025-09-10 16:27:11,521 - pynetdicom.association - INFO - (0008,0052) CS [SERIES]                                 # 1 QueryRetrieveLevel
2025-09-10 16:27:11,524 - pynetdicom.association - INFO - (0020,000E) UI [1.3.12.2.1107.5.2.43.67042.2025090215443836422043221.0.0.0] # 1 SeriesInstanceUID
2025-09-10 16:27:11,529 - pynetdicom.association - INFO - 
2025-09-10 16:27:12,072 - pynetdicom._handlers - INFO - Received Store Request
2025-09-10 16:27:12,077 - core.dicom_client - INFO - Received DICOM image
2025-09-10 16:27:12,087 - pydicom - WARNING - 'write_like_original' is deprecated and will be removed in v4.0, please use 'enforce_file_format' instead
2025-09-10 16:27:12,180 - core.dicom_client - INFO - File received: 1.3.12.2.1107.5.2.43.67042.2025090215444463278343226.dcm
2025-09-10 16:27:12,190 - pynetdicom.association - INFO - Get SCP Response: 1 - 0xFF00 (Pending)
2025-09-10 16:27:12,192 - pynetdicom.association - INFO - Sub-Operations Remaining: 4, Completed: 1, Failed: 0, Warning: 0
2025-09-10 16:27:12,246 - pynetdicom._handlers - INFO - Received Store Request
2025-09-10 16:27:12,249 - core.dicom_client - INFO - Received DICOM image
2025-09-10 16:27:12,252 - pydicom - WARNING - 'write_like_original' is deprecated and will be removed in v4.0, please use 'enforce_file_format' instead
2025-09-10 16:27:12,313 - core.dicom_client - INFO - File received: 1.3.12.2.1107.5.2.43.67042.2025090215444598404643230.dcm
2025-09-10 16:27:12,322 - pynetdicom.association - INFO - Get SCP Response: 2 - 0xFF00 (Pending)
2025-09-10 16:27:12,323 - pynetdicom.association - INFO - Sub-Operations Remaining: 3, Completed: 2, Failed: 0, Warning: 0
2025-09-10 16:27:12,363 - pynetdicom._handlers - INFO - Received Store Request
2025-09-10 16:27:12,367 - core.dicom_client - INFO - Received DICOM image
2025-09-10 16:27:12,371 - pydicom - WARNING - 'write_like_original' is deprecated and will be removed in v4.0, please use 'enforce_file_format' instead
2025-09-10 16:27:12,428 - core.dicom_client - INFO - File received: 1.3.12.2.1107.5.2.43.67042.2025090215444798338143234.dcm
2025-09-10 16:27:12,436 - pynetdicom.association - INFO - Get SCP Response: 3 - 0xFF00 (Pending)
2025-09-10 16:27:12,439 - pynetdicom.association - INFO - Sub-Operations Remaining: 2, Completed: 3, Failed: 0, Warning: 0
2025-09-10 16:27:12,486 - pynetdicom._handlers - INFO - Received Store Request
2025-09-10 16:27:12,490 - core.dicom_client - INFO - Received DICOM image
2025-09-10 16:27:12,493 - pydicom - WARNING - 'write_like_original' is deprecated and will be removed in v4.0, please use 'enforce_file_format' instead
2025-09-10 16:27:12,550 - core.dicom_client - INFO - File received: 1.3.12.2.1107.5.2.43.67042.2025090215444998109643238.dcm
2025-09-10 16:27:12,560 - pynetdicom.association - INFO - Get SCP Response: 4 - 0xFF00 (Pending)
2025-09-10 16:27:12,562 - pynetdicom.association - INFO - Sub-Operations Remaining: 1, Completed: 4, Failed: 0, Warning: 0
2025-09-10 16:27:12,605 - pynetdicom._handlers - INFO - Received Store Request
2025-09-10 16:27:12,608 - core.dicom_client - INFO - Received DICOM image
2025-09-10 16:27:12,611 - pydicom - WARNING - 'write_like_original' is deprecated and will be removed in v4.0, please use 'enforce_file_format' instead
2025-09-10 16:27:12,676 - core.dicom_client - INFO - File received: 1.3.12.2.1107.5.2.43.67042.2025090215445198382443242.dcm
2025-09-10 16:27:12,684 - pynetdicom.association - INFO - Get SCP Response: 5 - 0xFF00 (Pending)
2025-09-10 16:27:12,688 - pynetdicom.association - INFO - Sub-Operations Remaining: 0, Completed: 5, Failed: 0, Warning: 0
2025-09-10 16:27:12,692 - pynetdicom.association - INFO - Get SCP Result: 0x0000 (Success)
2025-09-10 16:27:12,695 - pynetdicom.association - INFO - Sub-Operations Remaining: 0, Completed: 5, Failed: 0, Warning: 0
2025-09-10 16:27:12,700 - pynetdicom.association - INFO - Releasing Association
2025-09-10 16:27:12,716 - core.dicom_client - INFO - Retrieval completed: 5 file(s)
